running egg_info
writing ../../build/khj_basic/khj_basic.egg-info/PKG-INFO
writing dependency_links to ../../build/khj_basic/khj_basic.egg-info/dependency_links.txt
writing entry points to ../../build/khj_basic/khj_basic.egg-info/entry_points.txt
writing requirements to ../../build/khj_basic/khj_basic.egg-info/requires.txt
writing top-level names to ../../build/khj_basic/khj_basic.egg-info/top_level.txt
reading manifest file '../../build/khj_basic/khj_basic.egg-info/SOURCES.txt'
writing manifest file '../../build/khj_basic/khj_basic.egg-info/SOURCES.txt'
running build
running build_py
copying khj_basic/simple_pub.py -> /home/khjoo/2026_manipulator/khj_ws/build/khj_basic/build/lib/khj_basic
running install
running install_lib
copying /home/khjoo/2026_manipulator/khj_ws/build/khj_basic/build/lib/khj_basic/simple_pub.py -> /home/khjoo/2026_manipulator/khj_ws/install/khj_basic/lib/python3.12/site-packages/khj_basic
byte-compiling /home/khjoo/2026_manipulator/khj_ws/install/khj_basic/lib/python3.12/site-packages/khj_basic/simple_pub.py to simple_pub.cpython-312.pyc
running install_data
running install_egg_info
removing '/home/khjoo/2026_manipulator/khj_ws/install/khj_basic/lib/python3.12/site-packages/khj_basic-0.0.0-py3.12.egg-info' (and everything under it)
Copying ../../build/khj_basic/khj_basic.egg-info to /home/khjoo/2026_manipulator/khj_ws/install/khj_basic/lib/python3.12/site-packages/khj_basic-0.0.0-py3.12.egg-info
running install_scripts
Installing simple_pub script to /home/khjoo/2026_manipulator/khj_ws/install/khj_basic/lib/khj_basic
writing list of installed files to '/home/khjoo/2026_manipulator/khj_ws/build/khj_basic/install.log'
