[0.943s] Invoking command in '/home/khjoo/2026_manipulator/khj_ws/src/khj_basic': PYTHONPATH=/home/khjoo/2026_manipulator/khj_ws/build/khj_basic/prefix_override:/usr/lib/python3/dist-packages/colcon_core/task/python/colcon_distutils_commands:/home/khjoo/2026_manipulator/khj_ws/install/khj_basic/lib/python3.12/site-packages:${PYTHONPATH} /usr/bin/python3 -W ignore:setup.py install is deprecated -W ignore:easy_install command is deprecated setup.py egg_info --egg-base ../../build/khj_basic build --build-base /home/khjoo/2026_manipulator/khj_ws/build/khj_basic/build install --record /home/khjoo/2026_manipulator/khj_ws/build/khj_basic/install.log --install-scripts $base/lib/khj_basic --single-version-externally-managed install_data
[1.168s] running egg_info
[1.184s] writing ../../build/khj_basic/khj_basic.egg-info/PKG-INFO
[1.185s] writing dependency_links to ../../build/khj_basic/khj_basic.egg-info/dependency_links.txt
[1.185s] writing entry points to ../../build/khj_basic/khj_basic.egg-info/entry_points.txt
[1.185s] writing requirements to ../../build/khj_basic/khj_basic.egg-info/requires.txt
[1.186s] writing top-level names to ../../build/khj_basic/khj_basic.egg-info/top_level.txt
[1.217s] reading manifest file '../../build/khj_basic/khj_basic.egg-info/SOURCES.txt'
[1.218s] writing manifest file '../../build/khj_basic/khj_basic.egg-info/SOURCES.txt'
[1.218s] running build
[1.218s] running build_py
[1.218s] copying khj_basic/simple_pub.py -> /home/khjoo/2026_manipulator/khj_ws/build/khj_basic/build/lib/khj_basic
[1.219s] running install
[1.224s] running install_lib
[1.239s] copying /home/khjoo/2026_manipulator/khj_ws/build/khj_basic/build/lib/khj_basic/simple_pub.py -> /home/khjoo/2026_manipulator/khj_ws/install/khj_basic/lib/python3.12/site-packages/khj_basic
[1.240s] byte-compiling /home/khjoo/2026_manipulator/khj_ws/install/khj_basic/lib/python3.12/site-packages/khj_basic/simple_pub.py to simple_pub.cpython-312.pyc
[1.240s] running install_data
[1.241s] running install_egg_info
[1.256s] removing '/home/khjoo/2026_manipulator/khj_ws/install/khj_basic/lib/python3.12/site-packages/khj_basic-0.0.0-py3.12.egg-info' (and everything under it)
[1.256s] Copying ../../build/khj_basic/khj_basic.egg-info to /home/khjoo/2026_manipulator/khj_ws/install/khj_basic/lib/python3.12/site-packages/khj_basic-0.0.0-py3.12.egg-info
[1.258s] running install_scripts
[1.358s] Installing simple_pub script to /home/khjoo/2026_manipulator/khj_ws/install/khj_basic/lib/khj_basic
[1.359s] writing list of installed files to '/home/khjoo/2026_manipulator/khj_ws/build/khj_basic/install.log'
[1.380s] Invoked command in '/home/khjoo/2026_manipulator/khj_ws/src/khj_basic' returned '0': PYTHONPATH=/home/khjoo/2026_manipulator/khj_ws/build/khj_basic/prefix_override:/usr/lib/python3/dist-packages/colcon_core/task/python/colcon_distutils_commands:/home/khjoo/2026_manipulator/khj_ws/install/khj_basic/lib/python3.12/site-packages:${PYTHONPATH} /usr/bin/python3 -W ignore:setup.py install is deprecated -W ignore:easy_install command is deprecated setup.py egg_info --egg-base ../../build/khj_basic build --build-base /home/khjoo/2026_manipulator/khj_ws/build/khj_basic/build install --record /home/khjoo/2026_manipulator/khj_ws/build/khj_basic/install.log --install-scripts $base/lib/khj_basic --single-version-externally-managed install_data
